# JRE version: Java(TM) SE Runtime Environment (7.0_67-b01) (build 1.7.0_67-b01)
# Java VM: Java HotSpot(TM) 64-Bit Server VM (24.65-b04 mixed mode windows-amd64 compressed oops)
Heap
 PSYoungGen      total 306176K, used 269204K [0x00000007c0000000, 0x00000007e5600000, 0x0000000800000000)
  eden space 262656K, 85% used [0x00000007c0000000,0x00000007cdc74cf8,0x00000007d0080000)
  from space 43520K, 99% used [0x00000007e2b80000,0x00000007e55f06b8,0x00000007e5600000)
  to   space 43520K, 0% used [0x00000007d0080000,0x00000007d0080000,0x00000007d2b00000)
 ParOldGen       total 699392K, used 37880K [0x0000000740000000, 0x000000076ab00000, 0x00000007c0000000)
  object space 699392K, 5% used [0x0000000740000000,0x00000007424fe148,0x000000076ab00000)
 PSPermGen       total 21504K, used 14856K [0x000000073ae00000, 0x000000073c300000, 0x0000000740000000)
  object space 21504K, 69% used [0x000000073ae00000,0x000000073bc823f0,0x000000073c300000)
GC Heap History (4 events):
Event: 2.196 GC heap before
{Heap before GC invocations=1 (full 0):
 PSYoungGen      total 306176K, used 262656K [0x00000007c0000000, 0x00000007d5580000, 0x0000000800000000)
  eden space 262656K, 100% used [0x00000007c0000000,0x00000007d0080000,0x00000007d0080000)
  from space 43520K, 0% used [0x00000007d2b00000,0x00000007d2b00000,0x00000007d5580000)
  to   space 43520K, 0% used [0x00000007d0080000,0x00000007d0080000,0x00000007d2b00000)
 ParOldGen       total 699392K, used 0K [0x0000000740000000, 0x000000076ab00000, 0x00000007c0000000)
  object space 699392K, 0% used [0x0000000740000000,0x0000000740000000,0x000000076ab00000)
 PSPermGen       total 21504K, used 14846K [0x000000073ae00000, 0x000000073c300000, 0x0000000740000000)
  object space 21504K, 69% used [0x000000073ae00000,0x000000073bc7f9c0,0x000000073c300000)
Event: 2.219 GC heap after
Heap after GC invocations=1 (full 0):
 PSYoungGen      total 306176K, used 43507K [0x00000007c0000000, 0x00000007e5600000, 0x0000000800000000)
  eden space 262656K, 0% used [0x00000007c0000000,0x00000007c0000000,0x00000007d0080000)
  from space 43520K, 99% used [0x00000007d0080000,0x00000007d2afce00,0x00000007d2b00000)
  to   space 43520K, 0% used [0x00000007e2b80000,0x00000007e2b80000,0x00000007e5600000)
 ParOldGen       total 699392K, used 37872K [0x0000000740000000, 0x000000076ab00000, 0x00000007c0000000)
  object space 699392K, 5% used [0x0000000740000000,0x00000007424fc148,0x000000076ab00000)
 PSPermGen       total 21504K, used 14846K [0x000000073ae00000, 0x000000073c300000, 0x0000000740000000)
  object space 21504K, 69% used [0x000000073ae00000,0x000000073bc7f9c0,0x000000073c300000)
}
Event: 3.907 GC heap before
{Heap before GC invocations=2 (full 0):
 PSYoungGen      total 306176K, used 306163K [0x00000007c0000000, 0x00000007e5600000, 0x0000000800000000)
  eden space 262656K, 100% used [0x00000007c0000000,0x00000007d0080000,0x00000007d0080000)
  from space 43520K, 99% used [0x00000007d0080000,0x00000007d2afce00,0x00000007d2b00000)
  to   space 43520K, 0% used [0x00000007e2b80000,0x00000007e2b80000,0x00000007e5600000)
 ParOldGen       total 699392K, used 37872K [0x0000000740000000, 0x000000076ab00000, 0x00000007c0000000)
  object space 699392K, 5% used [0x0000000740000000,0x00000007424fc148,0x000000076ab00000)
 PSPermGen       total 21504K, used 14849K [0x000000073ae00000, 0x000000073c300000, 0x0000000740000000)
  object space 21504K, 69% used [0x000000073ae00000,0x000000073bc80708,0x000000073c300000)
Event: 3.918 GC heap after
Heap after GC invocations=2 (full 0):
 PSYoungGen      total 306176K, used 43457K [0x00000007c0000000, 0x00000007e5600000, 0x0000000800000000)
  eden space 262656K, 0% used [0x00000007c0000000,0x00000007c0000000,0x00000007d0080000)
  from space 43520K, 99% used [0x00000007e2b80000,0x00000007e55f06b8,0x00000007e5600000)
  to   space 43520K, 0% used [0x00000007d0080000,0x00000007d0080000,0x00000007d2b00000)
 ParOldGen       total 699392K, used 37880K [0x0000000740000000, 0x000000076ab00000, 0x00000007c0000000)
  object space 699392K, 5% used [0x0000000740000000,0x00000007424fe148,0x000000076ab00000)
 PSPermGen       total 21504K, used 14849K [0x000000073ae00000, 0x000000073c300000, 0x0000000740000000)
  object space 21504K, 69% used [0x000000073ae00000,0x000000073bc80708,0x000000073c300000)
}

